<?xml version="1.0" encoding="UTF-8"?>
<testng-results ignored="0" total="1" passed="1" failed="0" skipped="0">
  <reporter-output>
  </reporter-output>
  <suite started-at="2025-04-26T21:06:40 IST" name="Suite" finished-at="2025-04-26T21:06:42 IST" duration-ms="2416">
    <groups>
    </groups>
    <test started-at="2025-04-26T21:06:40 IST" name="Test" finished-at="2025-04-26T21:06:42 IST" duration-ms="2416">
      <class name="testcases.LoginPageTest">
        <test-method is-config="true" signature="setup()[pri:0, instance:testcases.LoginPageTest@14dd9eb7]" started-at="2025-04-26T21:06:40 IST" name="setup" finished-at="2025-04-26T21:06:42 IST" duration-ms="1679" status="PASS">
          <reporter-output>
          </reporter-output>
        </test-method> <!-- setup -->
        <test-method signature="verifyLogin()[pri:0, instance:testcases.LoginPageTest@14dd9eb7]" started-at="2025-04-26T21:06:42 IST" name="verifyLogin" finished-at="2025-04-26T21:06:42 IST" duration-ms="409" status="PASS">
          <reporter-output>
          </reporter-output>
        </test-method> <!-- verifyLogin -->
        <test-method is-config="true" signature="tearDown()[pri:0, instance:testcases.LoginPageTest@14dd9eb7]" started-at="2025-04-26T21:06:42 IST" name="tearDown" finished-at="2025-04-26T21:06:42 IST" duration-ms="128" status="PASS">
          <reporter-output>
          </reporter-output>
        </test-method> <!-- tearDown -->
      </class> <!-- testcases.LoginPageTest -->
    </test> <!-- Test -->
  </suite> <!-- Suite -->
</testng-results>
